# JRE version: OpenJDK Runtime Environment Temurin-21.0.12.1+1 (21.0.12.1+1) (build 21.0.12.1+1-LTS)
# Java VM: OpenJDK 64-Bit Server VM Temurin-21.0.12.1+1 (21.0.12.1+1-LTS, mixed mode, sharing, tiered, compressed oops, compressed class ptrs, parallel gc, windows-amd64)
GC Precious Log:
 CardTable entry size: 512
 CPUs: 12 total, 12 available
 Memory: 7489M
 Large Page Support: Disabled
 NUMA Support: Disabled
 Compressed Oops: Enabled (Zero based)
 Alignments: Space 512K, Generation 512K, Heap 2M
 Heap Min Capacity: 100M
 Heap Initial Capacity: 100M
 Heap Max Capacity: 4G
 Pre-touch: Disabled
 Parallel Workers: 10
Heap:
 PSYoungGen      total 14336K, used 1921K [0x00000007aab00000, 0x00000007abe00000, 0x0000000800000000)
  eden space 13824K, 10% used [0x00000007aab00000,0x00000007aac70790,0x00000007ab880000)
  from space 512K, 87% used [0x00000007abd80000,0x00000007abdf0000,0x00000007abe00000)
  to   space 2048K, 0% used [0x00000007aba00000,0x00000007aba00000,0x00000007abc00000)
 ParOldGen       total 113664K, used 113507K [0x0000000700000000, 0x0000000706f00000, 0x00000007aab00000)
  object space 113664K, 99% used [0x0000000700000000,0x0000000706ed8c88,0x0000000706f00000)
 Metaspace       used 68464K, committed 70016K, reserved 1114112K
  class space    used 7086K, committed 7808K, reserved 1048576K
GC Heap History (20 events):
Event: 62.456 GC heap before
{Heap before GC invocations=94 (full 3):
 PSYoungGen      total 16896K, used 16432K [0x00000007aab00000, 0x00000007abe80000, 0x0000000800000000)
  eden space 13824K, 100% used [0x00000007aab00000,0x00000007ab880000,0x00000007ab880000)
  from space 3072K, 84% used [0x00000007abb80000,0x00000007abe0c010,0x00000007abe80000)
  to   space 3072K, 0% used [0x00000007ab880000,0x00000007ab880000,0x00000007abb80000)
 ParOldGen       total 102400K, used 101995K [0x0000000700000000, 0x0000000706400000, 0x00000007aab00000)
  object space 102400K, 99% used [0x0000000700000000,0x000000070639ae40,0x0000000706400000)
 Metaspace       used 68014K, committed 69632K, reserved 1114112K
  class space    used 7057K, committed 7808K, reserved 1048576K
}
Event: 62.461 GC heap after
{Heap after GC invocations=94 (full 3):
 PSYoungGen      total 16896K, used 2688K [0x00000007aab00000, 0x00000007abe80000, 0x0000000800000000)
  eden space 13824K, 0% used [0x00000007aab00000,0x00000007aab00000,0x00000007ab880000)
  from space 3072K, 87% used [0x00000007ab880000,0x00000007abb20000,0x00000007abb80000)
  to   space 3072K, 0% used [0x00000007abb80000,0x00000007abb80000,0x00000007abe80000)
 ParOldGen       total 102912K, used 102563K [0x0000000700000000, 0x0000000706480000, 0x00000007aab00000)
  object space 102912K, 99% used [0x0000000700000000,0x0000000706428e60,0x0000000706480000)
 Metaspace       used 68014K, committed 69632K, reserved 1114112K
  class space    used 7057K, committed 7808K, reserved 1048576K
}
Event: 62.795 GC heap before
{Heap before GC invocations=95 (full 3):
 PSYoungGen      total 16896K, used 16512K [0x00000007aab00000, 0x00000007abe80000, 0x0000000800000000)
  eden space 13824K, 100% used [0x00000007aab00000,0x00000007ab880000,0x00000007ab880000)
  from space 3072K, 87% used [0x00000007ab880000,0x00000007abb20000,0x00000007abb80000)
  to   space 3072K, 0% used [0x00000007abb80000,0x00000007abb80000,0x00000007abe80000)
 ParOldGen       total 102912K, used 102563K [0x0000000700000000, 0x0000000706480000, 0x00000007aab00000)
  object space 102912K, 99% used [0x0000000700000000,0x0000000706428e60,0x0000000706480000)
 Metaspace       used 68030K, committed 69632K, reserved 1114112K
  class space    used 7057K, committed 7808K, reserved 1048576K
}
Event: 62.799 GC heap after
{Heap after GC invocations=95 (full 3):
 PSYoungGen      total 14848K, used 704K [0x00000007aab00000, 0x00000007abc80000, 0x0000000800000000)
  eden space 13824K, 0% used [0x00000007aab00000,0x00000007aab00000,0x00000007ab880000)
  from space 1024K, 68% used [0x00000007abb80000,0x00000007abc30000,0x00000007abc80000)
  to   space 1536K, 0% used [0x00000007ab980000,0x00000007ab980000,0x00000007abb00000)
 ParOldGen       total 105472K, used 105017K [0x0000000700000000, 0x0000000706700000, 0x00000007aab00000)
  object space 105472K, 99% used [0x0000000700000000,0x000000070668e4e8,0x0000000706700000)
 Metaspace       used 68030K, committed 69632K, reserved 1114112K
  class space    used 7057K, committed 7808K, reserved 1048576K
}
Event: 63.302 GC heap before
{Heap before GC invocations=96 (full 3):
 PSYoungGen      total 14848K, used 14528K [0x00000007aab00000, 0x00000007abc80000, 0x0000000800000000)
  eden space 13824K, 100% used [0x00000007aab00000,0x00000007ab880000,0x00000007ab880000)
  from space 1024K, 68% used [0x00000007abb80000,0x00000007abc30000,0x00000007abc80000)
  to   space 1536K, 0% used [0x00000007ab980000,0x00000007ab980000,0x00000007abb00000)
 ParOldGen       total 105472K, used 105017K [0x0000000700000000, 0x0000000706700000, 0x00000007aab00000)
  object space 105472K, 99% used [0x0000000700000000,0x000000070668e4e8,0x0000000706700000)
 Metaspace       used 68072K, committed 69696K, reserved 1114112K
  class space    used 7057K, committed 7808K, reserved 1048576K
}
Event: 63.305 GC heap after
{Heap after GC invocations=96 (full 3):
 PSYoungGen      total 15360K, used 448K [0x00000007aab00000, 0x00000007abc00000, 0x0000000800000000)
  eden space 13824K, 0% used [0x00000007aab00000,0x00000007aab00000,0x00000007ab880000)
  from space 1536K, 29% used [0x00000007ab980000,0x00000007ab9f0000,0x00000007abb00000)
  to   space 1024K, 0% used [0x00000007abb00000,0x00000007abb00000,0x00000007abc00000)
 ParOldGen       total 105472K, used 105465K [0x0000000700000000, 0x0000000706700000, 0x00000007aab00000)
  object space 105472K, 99% used [0x0000000700000000,0x00000007066fe530,0x0000000706700000)
 Metaspace       used 68072K, committed 69696K, reserved 1114112K
  class space    used 7057K, committed 7808K, reserved 1048576K
}
Event: 63.482 GC heap before
{Heap before GC invocations=97 (full 3):
 PSYoungGen      total 15360K, used 14272K [0x00000007aab00000, 0x00000007abc00000, 0x0000000800000000)
  eden space 13824K, 100% used [0x00000007aab00000,0x00000007ab880000,0x00000007ab880000)
  from space 1536K, 29% used [0x00000007ab980000,0x00000007ab9f0000,0x00000007abb00000)
  to   space 1024K, 0% used [0x00000007abb00000,0x00000007abb00000,0x00000007abc00000)
 ParOldGen       total 105472K, used 105465K [0x0000000700000000, 0x0000000706700000, 0x00000007aab00000)
  object space 105472K, 99% used [0x0000000700000000,0x00000007066fe530,0x0000000706700000)
 Metaspace       used 68088K, committed 69696K, reserved 1114112K
  class space    used 7058K, committed 7808K, reserved 1048576K
}
Event: 63.484 GC heap after
{Heap after GC invocations=97 (full 3):
 PSYoungGen      total 14848K, used 1024K [0x00000007aab00000, 0x00000007abd80000, 0x0000000800000000)
  eden space 13824K, 0% used [0x00000007aab00000,0x00000007aab00000,0x00000007ab880000)
  from space 1024K, 100% used [0x00000007abb00000,0x00000007abc00000,0x00000007abc00000)
  to   space 2560K, 0% used [0x00000007ab880000,0x00000007ab880000,0x00000007abb00000)
 ParOldGen       total 106496K, used 106265K [0x0000000700000000, 0x0000000706800000, 0x00000007aab00000)
  object space 106496K, 99% used [0x0000000700000000,0x00000007067c6530,0x0000000706800000)
 Metaspace       used 68088K, committed 69696K, reserved 1114112K
  class space    used 7058K, committed 7808K, reserved 1048576K
}
Event: 64.288 GC heap before
{Heap before GC invocations=98 (full 3):
 PSYoungGen      total 14848K, used 14848K [0x00000007aab00000, 0x00000007abd80000, 0x0000000800000000)
  eden space 13824K, 100% used [0x00000007aab00000,0x00000007ab880000,0x00000007ab880000)
  from space 1024K, 100% used [0x00000007abb00000,0x00000007abc00000,0x00000007abc00000)
  to   space 2560K, 0% used [0x00000007ab880000,0x00000007ab880000,0x00000007abb00000)
 ParOldGen       total 106496K, used 106265K [0x0000000700000000, 0x0000000706800000, 0x00000007aab00000)
  object space 106496K, 99% used [0x0000000700000000,0x00000007067c6530,0x0000000706800000)
 Metaspace       used 68101K, committed 69696K, reserved 1114112K
  class space    used 7058K, committed 7808K, reserved 1048576K
}
Event: 64.294 GC heap after
{Heap after GC invocations=98 (full 3):
 PSYoungGen      total 16384K, used 2560K [0x00000007aab00000, 0x00000007ac080000, 0x0000000800000000)
  eden space 13824K, 0% used [0x00000007aab00000,0x00000007aab00000,0x00000007ab880000)
  from space 2560K, 100% used [0x00000007ab880000,0x00000007abb00000,0x00000007abb00000)
  to   space 4096K, 0% used [0x00000007abc80000,0x00000007abc80000,0x00000007ac080000)
 ParOldGen       total 107520K, used 107390K [0x0000000700000000, 0x0000000706900000, 0x00000007aab00000)
  object space 107520K, 99% used [0x0000000700000000,0x00000007068df9e0,0x0000000706900000)
 Metaspace       used 68101K, committed 69696K, reserved 1114112K
  class space    used 7058K, committed 7808K, reserved 1048576K
}
Event: 64.993 GC heap before
{Heap before GC invocations=99 (full 3):
 PSYoungGen      total 16384K, used 16384K [0x00000007aab00000, 0x00000007ac080000, 0x0000000800000000)
  eden space 13824K, 100% used [0x00000007aab00000,0x00000007ab880000,0x00000007ab880000)
  from space 2560K, 100% used [0x00000007ab880000,0x00000007abb00000,0x00000007abb00000)
  to   space 4096K, 0% used [0x00000007abc80000,0x00000007abc80000,0x00000007ac080000)
 ParOldGen       total 107520K, used 107390K [0x0000000700000000, 0x0000000706900000, 0x00000007aab00000)
  object space 107520K, 99% used [0x0000000700000000,0x00000007068df9e0,0x0000000706900000)
 Metaspace       used 68122K, committed 69696K, reserved 1114112K
  class space    used 7058K, committed 7808K, reserved 1048576K
}
Event: 64.998 GC heap after
{Heap after GC invocations=99 (full 3):
 PSYoungGen      total 15872K, used 1824K [0x00000007aab00000, 0x00000007abe80000, 0x0000000800000000)
  eden space 13824K, 0% used [0x00000007aab00000,0x00000007aab00000,0x00000007ab880000)
  from space 2048K, 89% used [0x00000007abc80000,0x00000007abe48000,0x00000007abe80000)
  to   space 2560K, 0% used [0x00000007ab980000,0x00000007ab980000,0x00000007abc00000)
 ParOldGen       total 108544K, used 108526K [0x0000000700000000, 0x0000000706a00000, 0x00000007aab00000)
  object space 108544K, 99% used [0x0000000700000000,0x00000007069fba10,0x0000000706a00000)
 Metaspace       used 68122K, committed 69696K, reserved 1114112K
  class space    used 7058K, committed 7808K, reserved 1048576K
}
Event: 70.040 GC heap before
{Heap before GC invocations=100 (full 3):
 PSYoungGen      total 15872K, used 15648K [0x00000007aab00000, 0x00000007abe80000, 0x0000000800000000)
  eden space 13824K, 100% used [0x00000007aab00000,0x00000007ab880000,0x00000007ab880000)
  from space 2048K, 89% used [0x00000007abc80000,0x00000007abe48000,0x00000007abe80000)
  to   space 2560K, 0% used [0x00000007ab980000,0x00000007ab980000,0x00000007abc00000)
 ParOldGen       total 108544K, used 108526K [0x0000000700000000, 0x0000000706a00000, 0x00000007aab00000)
  object space 108544K, 99% used [0x0000000700000000,0x00000007069fba10,0x0000000706a00000)
 Metaspace       used 68157K, committed 69760K, reserved 1114112K
  class space    used 7058K, committed 7808K, reserved 1048576K
}
Event: 70.043 GC heap after
{Heap after GC invocations=100 (full 3):
 PSYoungGen      total 15872K, used 2016K [0x00000007aab00000, 0x00000007abd80000, 0x0000000800000000)
  eden space 13824K, 0% used [0x00000007aab00000,0x00000007aab00000,0x00000007ab880000)
  from space 2048K, 98% used [0x00000007ab980000,0x00000007abb78000,0x00000007abb80000)
  to   space 2048K, 0% used [0x00000007abb80000,0x00000007abb80000,0x00000007abd80000)
 ParOldGen       total 109056K, used 108640K [0x0000000700000000, 0x0000000706a80000, 0x00000007aab00000)
  object space 109056K, 99% used [0x0000000700000000,0x0000000706a18270,0x0000000706a80000)
 Metaspace       used 68157K, committed 69760K, reserved 1114112K
  class space    used 7058K, committed 7808K, reserved 1048576K
}
Event: 70.847 GC heap before
{Heap before GC invocations=101 (full 3):
 PSYoungGen      total 15872K, used 15840K [0x00000007aab00000, 0x00000007abd80000, 0x0000000800000000)
  eden space 13824K, 100% used [0x00000007aab00000,0x00000007ab880000,0x00000007ab880000)
  from space 2048K, 98% used [0x00000007ab980000,0x00000007abb78000,0x00000007abb80000)
  to   space 2048K, 0% used [0x00000007abb80000,0x00000007abb80000,0x00000007abd80000)
 ParOldGen       total 109056K, used 108640K [0x0000000700000000, 0x0000000706a80000, 0x00000007aab00000)
  object space 109056K, 99% used [0x0000000700000000,0x0000000706a18270,0x0000000706a80000)
 Metaspace       used 68195K, committed 69760K, reserved 1114112K
  class space    used 7058K, committed 7808K, reserved 1048576K
}
Event: 70.850 GC heap after
{Heap after GC invocations=101 (full 3):
 PSYoungGen      total 15872K, used 2048K [0x00000007aab00000, 0x00000007abd80000, 0x0000000800000000)
  eden space 13824K, 0% used [0x00000007aab00000,0x00000007aab00000,0x00000007ab880000)
  from space 2048K, 100% used [0x00000007abb80000,0x00000007abd80000,0x00000007abd80000)
  to   space 2560K, 0% used [0x00000007ab880000,0x00000007ab880000,0x00000007abb00000)
 ParOldGen       total 109056K, used 108864K [0x0000000700000000, 0x0000000706a80000, 0x00000007aab00000)
  object space 109056K, 99% used [0x0000000700000000,0x0000000706a50270,0x0000000706a80000)
 Metaspace       used 68195K, committed 69760K, reserved 1114112K
  class space    used 7058K, committed 7808K, reserved 1048576K
}
Event: 71.625 GC heap before
{Heap before GC invocations=102 (full 3):
 PSYoungGen      total 15872K, used 15872K [0x00000007aab00000, 0x00000007abd80000, 0x0000000800000000)
  eden space 13824K, 100% used [0x00000007aab00000,0x00000007ab880000,0x00000007ab880000)
  from space 2048K, 100% used [0x00000007abb80000,0x00000007abd80000,0x00000007abd80000)
  to   space 2560K, 0% used [0x00000007ab880000,0x00000007ab880000,0x00000007abb00000)
 ParOldGen       total 109056K, used 108864K [0x0000000700000000, 0x0000000706a80000, 0x00000007aab00000)
  object space 109056K, 99% used [0x0000000700000000,0x0000000706a50270,0x0000000706a80000)
 Metaspace       used 68248K, committed 69824K, reserved 1114112K
  class space    used 7058K, committed 7808K, reserved 1048576K
}
Event: 71.629 GC heap after
{Heap after GC invocations=102 (full 3):
 PSYoungGen      total 16384K, used 2560K [0x00000007aab00000, 0x00000007ac280000, 0x0000000800000000)
  eden space 13824K, 0% used [0x00000007aab00000,0x00000007aab00000,0x00000007ab880000)
  from space 2560K, 100% used [0x00000007ab880000,0x00000007abb00000,0x00000007abb00000)
  to   space 5120K, 0% used [0x00000007abd80000,0x00000007abd80000,0x00000007ac280000)
 ParOldGen       total 111104K, used 110930K [0x0000000700000000, 0x0000000706c80000, 0x00000007aab00000)
  object space 111104K, 99% used [0x0000000700000000,0x0000000706c54908,0x0000000706c80000)
 Metaspace       used 68248K, committed 69824K, reserved 1114112K
  class space    used 7058K, committed 7808K, reserved 1048576K
}
Event: 93.287 GC heap before
{Heap before GC invocations=103 (full 3):
 PSYoungGen      total 16384K, used 16384K [0x00000007aab00000, 0x00000007ac280000, 0x0000000800000000)
  eden space 13824K, 100% used [0x00000007aab00000,0x00000007ab880000,0x00000007ab880000)
  from space 2560K, 100% used [0x00000007ab880000,0x00000007abb00000,0x00000007abb00000)
  to   space 5120K, 0% used [0x00000007abd80000,0x00000007abd80000,0x00000007ac280000)
 ParOldGen       total 111104K, used 110930K [0x0000000700000000, 0x0000000706c80000, 0x00000007aab00000)
  object space 111104K, 99% used [0x0000000700000000,0x0000000706c54908,0x0000000706c80000)
 Metaspace       used 68386K, committed 70016K, reserved 1114112K
  class space    used 7073K, committed 7808K, reserved 1048576K
}
Event: 93.319 GC heap after
{Heap after GC invocations=103 (full 3):
 PSYoungGen      total 14336K, used 448K [0x00000007aab00000, 0x00000007abe00000, 0x0000000800000000)
  eden space 13824K, 0% used [0x00000007aab00000,0x00000007aab00000,0x00000007ab880000)
  from space 512K, 87% used [0x00000007abd80000,0x00000007abdf0000,0x00000007abe00000)
  to   space 2048K, 0% used [0x00000007aba00000,0x00000007aba00000,0x00000007abc00000)
 ParOldGen       total 113664K, used 113507K [0x0000000700000000, 0x0000000706f00000, 0x00000007aab00000)
  object space 113664K, 99% used [0x0000000700000000,0x0000000706ed8c88,0x0000000706f00000)
 Metaspace       used 68386K, committed 70016K, reserved 1114112K
  class space    used 7073K, committed 7808K, reserved 1048576K
}

