# JRE version: OpenJDK Runtime Environment Temurin-21.0.12.1+1 (21.0.12.1+1) (build 21.0.12.1+1-LTS)
# Java VM: OpenJDK 64-Bit Server VM Temurin-21.0.12.1+1 (21.0.12.1+1-LTS, mixed mode, sharing, tiered, compressed oops, compressed class ptrs, parallel gc, windows-amd64)
GC Precious Log:
 CardTable entry size: 512
 CPUs: 12 total, 12 available
 Memory: 7489M
 Large Page Support: Disabled
 NUMA Support: Disabled
 Compressed Oops: Enabled (Zero based)
 Alignments: Space 512K, Generation 512K, Heap 2M
 Heap Min Capacity: 100M
 Heap Initial Capacity: 100M
 Heap Max Capacity: 4G
 Pre-touch: Disabled
 Parallel Workers: 10
Heap:
 PSYoungGen      total 2560K, used 416K [0x00000007aab00000, 0x00000007aae80000, 0x0000000800000000)
  eden space 2048K, 0% used [0x00000007aab00000,0x00000007aab00000,0x00000007aad00000)
  from space 512K, 81% used [0x00000007aad80000,0x00000007aade8000,0x00000007aae00000)
  to   space 512K, 0% used [0x00000007aad00000,0x00000007aad00000,0x00000007aad80000)
 ParOldGen       total 590848K, used 590614K [0x0000000700000000, 0x0000000724100000, 0x00000007aab00000)
  object space 590848K, 99% used [0x0000000700000000,0x00000007240c5ba8,0x0000000724100000)
 Metaspace       used 73739K, committed 75264K, reserved 1179648K
  class space    used 7775K, committed 8448K, reserved 1048576K
GC Heap History (20 events):
Event: 127.771 GC heap after
{Heap after GC invocations=1111 (full 3):
 PSYoungGen      total 2048K, used 320K [0x00000007aab00000, 0x00000007aae00000, 0x0000000800000000)
  eden space 1536K, 0% used [0x00000007aab00000,0x00000007aab00000,0x00000007aac80000)
  from space 512K, 62% used [0x00000007aad80000,0x00000007aadd0000,0x00000007aae00000)
  to   space 512K, 0% used [0x00000007aad00000,0x00000007aad00000,0x00000007aad80000)
 ParOldGen       total 588800K, used 588520K [0x0000000700000000, 0x0000000723f00000, 0x00000007aab00000)
  object space 588800K, 99% used [0x0000000700000000,0x0000000723eba0a0,0x0000000723f00000)
 Metaspace       used 73739K, committed 75264K, reserved 1179648K
  class space    used 7775K, committed 8448K, reserved 1048576K
}
Event: 127.797 GC heap before
{Heap before GC invocations=1112 (full 3):
 PSYoungGen      total 2048K, used 1856K [0x00000007aab00000, 0x00000007aae00000, 0x0000000800000000)
  eden space 1536K, 100% used [0x00000007aab00000,0x00000007aac80000,0x00000007aac80000)
  from space 512K, 62% used [0x00000007aad80000,0x00000007aadd0000,0x00000007aae00000)
  to   space 512K, 0% used [0x00000007aad00000,0x00000007aad00000,0x00000007aad80000)
 ParOldGen       total 588800K, used 588520K [0x0000000700000000, 0x0000000723f00000, 0x00000007aab00000)
  object space 588800K, 99% used [0x0000000700000000,0x0000000723eba0a0,0x0000000723f00000)
 Metaspace       used 73739K, committed 75264K, reserved 1179648K
  class space    used 7775K, committed 8448K, reserved 1048576K
}
Event: 127.800 GC heap after
{Heap after GC invocations=1112 (full 3):
 PSYoungGen      total 2048K, used 384K [0x00000007aab00000, 0x00000007aae00000, 0x0000000800000000)
  eden space 1536K, 0% used [0x00000007aab00000,0x00000007aab00000,0x00000007aac80000)
  from space 512K, 75% used [0x00000007aad00000,0x00000007aad60000,0x00000007aad80000)
  to   space 512K, 0% used [0x00000007aad80000,0x00000007aad80000,0x00000007aae00000)
 ParOldGen       total 588800K, used 588728K [0x0000000700000000, 0x0000000723f00000, 0x00000007aab00000)
  object space 588800K, 99% used [0x0000000700000000,0x0000000723eee0a0,0x0000000723f00000)
 Metaspace       used 73739K, committed 75264K, reserved 1179648K
  class space    used 7775K, committed 8448K, reserved 1048576K
}
Event: 127.815 GC heap before
{Heap before GC invocations=1113 (full 3):
 PSYoungGen      total 2048K, used 1919K [0x00000007aab00000, 0x00000007aae00000, 0x0000000800000000)
  eden space 1536K, 99% used [0x00000007aab00000,0x00000007aac7ffc8,0x00000007aac80000)
  from space 512K, 75% used [0x00000007aad00000,0x00000007aad60000,0x00000007aad80000)
  to   space 512K, 0% used [0x00000007aad80000,0x00000007aad80000,0x00000007aae00000)
 ParOldGen       total 588800K, used 588728K [0x0000000700000000, 0x0000000723f00000, 0x00000007aab00000)
  object space 588800K, 99% used [0x0000000700000000,0x0000000723eee0a0,0x0000000723f00000)
 Metaspace       used 73739K, committed 75264K, reserved 1179648K
  class space    used 7775K, committed 8448K, reserved 1048576K
}
Event: 127.818 GC heap after
{Heap after GC invocations=1113 (full 3):
 PSYoungGen      total 2048K, used 288K [0x00000007aab00000, 0x00000007aae00000, 0x0000000800000000)
  eden space 1536K, 0% used [0x00000007aab00000,0x00000007aab00000,0x00000007aac80000)
  from space 512K, 56% used [0x00000007aad80000,0x00000007aadc8000,0x00000007aae00000)
  to   space 512K, 0% used [0x00000007aad00000,0x00000007aad00000,0x00000007aad80000)
 ParOldGen       total 589312K, used 588952K [0x0000000700000000, 0x0000000723f80000, 0x00000007aab00000)
  object space 589312K, 99% used [0x0000000700000000,0x0000000723f260a0,0x0000000723f80000)
 Metaspace       used 73739K, committed 75264K, reserved 1179648K
  class space    used 7775K, committed 8448K, reserved 1048576K
}
Event: 127.847 GC heap before
{Heap before GC invocations=1114 (full 3):
 PSYoungGen      total 2048K, used 1823K [0x00000007aab00000, 0x00000007aae00000, 0x0000000800000000)
  eden space 1536K, 99% used [0x00000007aab00000,0x00000007aac7fea0,0x00000007aac80000)
  from space 512K, 56% used [0x00000007aad80000,0x00000007aadc8000,0x00000007aae00000)
  to   space 512K, 0% used [0x00000007aad00000,0x00000007aad00000,0x00000007aad80000)
 ParOldGen       total 589312K, used 588952K [0x0000000700000000, 0x0000000723f80000, 0x00000007aab00000)
  object space 589312K, 99% used [0x0000000700000000,0x0000000723f260a0,0x0000000723f80000)
 Metaspace       used 73739K, committed 75264K, reserved 1179648K
  class space    used 7775K, committed 8448K, reserved 1048576K
}
Event: 127.850 GC heap after
{Heap after GC invocations=1114 (full 3):
 PSYoungGen      total 2048K, used 416K [0x00000007aab00000, 0x00000007aae00000, 0x0000000800000000)
  eden space 1536K, 0% used [0x00000007aab00000,0x00000007aab00000,0x00000007aac80000)
  from space 512K, 81% used [0x00000007aad00000,0x00000007aad68000,0x00000007aad80000)
  to   space 512K, 0% used [0x00000007aad80000,0x00000007aad80000,0x00000007aae00000)
 ParOldGen       total 589312K, used 589152K [0x0000000700000000, 0x0000000723f80000, 0x00000007aab00000)
  object space 589312K, 99% used [0x0000000700000000,0x0000000723f580a0,0x0000000723f80000)
 Metaspace       used 73739K, committed 75264K, reserved 1179648K
  class space    used 7775K, committed 8448K, reserved 1048576K
}
Event: 127.865 GC heap before
{Heap before GC invocations=1115 (full 3):
 PSYoungGen      total 2048K, used 1952K [0x00000007aab00000, 0x00000007aae00000, 0x0000000800000000)
  eden space 1536K, 100% used [0x00000007aab00000,0x00000007aac80000,0x00000007aac80000)
  from space 512K, 81% used [0x00000007aad00000,0x00000007aad68000,0x00000007aad80000)
  to   space 512K, 0% used [0x00000007aad80000,0x00000007aad80000,0x00000007aae00000)
 ParOldGen       total 589312K, used 589152K [0x0000000700000000, 0x0000000723f80000, 0x00000007aab00000)
  object space 589312K, 99% used [0x0000000700000000,0x0000000723f580a0,0x0000000723f80000)
 Metaspace       used 73739K, committed 75264K, reserved 1179648K
  class space    used 7775K, committed 8448K, reserved 1048576K
}
Event: 127.867 GC heap after
{Heap after GC invocations=1115 (full 3):
 PSYoungGen      total 2048K, used 352K [0x00000007aab00000, 0x00000007aae00000, 0x0000000800000000)
  eden space 1536K, 0% used [0x00000007aab00000,0x00000007aab00000,0x00000007aac80000)
  from space 512K, 68% used [0x00000007aad80000,0x00000007aadd8000,0x00000007aae00000)
  to   space 512K, 0% used [0x00000007aad00000,0x00000007aad00000,0x00000007aad80000)
 ParOldGen       total 589824K, used 589384K [0x0000000700000000, 0x0000000724000000, 0x00000007aab00000)
  object space 589824K, 99% used [0x0000000700000000,0x0000000723f920a0,0x0000000724000000)
 Metaspace       used 73739K, committed 75264K, reserved 1179648K
  class space    used 7775K, committed 8448K, reserved 1048576K
}
Event: 127.885 GC heap before
{Heap before GC invocations=1116 (full 3):
 PSYoungGen      total 2048K, used 1875K [0x00000007aab00000, 0x00000007aae00000, 0x0000000800000000)
  eden space 1536K, 99% used [0x00000007aab00000,0x00000007aac7cf90,0x00000007aac80000)
  from space 512K, 68% used [0x00000007aad80000,0x00000007aadd8000,0x00000007aae00000)
  to   space 512K, 0% used [0x00000007aad00000,0x00000007aad00000,0x00000007aad80000)
 ParOldGen       total 589824K, used 589384K [0x0000000700000000, 0x0000000724000000, 0x00000007aab00000)
  object space 589824K, 99% used [0x0000000700000000,0x0000000723f920a0,0x0000000724000000)
 Metaspace       used 73739K, committed 75264K, reserved 1179648K
  class space    used 7775K, committed 8448K, reserved 1048576K
}
Event: 127.887 GC heap after
{Heap after GC invocations=1116 (full 3):
 PSYoungGen      total 2048K, used 352K [0x00000007aab00000, 0x00000007aae00000, 0x0000000800000000)
  eden space 1536K, 0% used [0x00000007aab00000,0x00000007aab00000,0x00000007aac80000)
  from space 512K, 68% used [0x00000007aad00000,0x00000007aad58000,0x00000007aad80000)
  to   space 512K, 0% used [0x00000007aad80000,0x00000007aad80000,0x00000007aae00000)
 ParOldGen       total 589824K, used 589584K [0x0000000700000000, 0x0000000724000000, 0x00000007aab00000)
  object space 589824K, 99% used [0x0000000700000000,0x0000000723fc40a0,0x0000000724000000)
 Metaspace       used 73739K, committed 75264K, reserved 1179648K
  class space    used 7775K, committed 8448K, reserved 1048576K
}
Event: 127.903 GC heap before
{Heap before GC invocations=1117 (full 3):
 PSYoungGen      total 2048K, used 1888K [0x00000007aab00000, 0x00000007aae00000, 0x0000000800000000)
  eden space 1536K, 100% used [0x00000007aab00000,0x00000007aac80000,0x00000007aac80000)
  from space 512K, 68% used [0x00000007aad00000,0x00000007aad58000,0x00000007aad80000)
  to   space 512K, 0% used [0x00000007aad80000,0x00000007aad80000,0x00000007aae00000)
 ParOldGen       total 589824K, used 589584K [0x0000000700000000, 0x0000000724000000, 0x00000007aab00000)
  object space 589824K, 99% used [0x0000000700000000,0x0000000723fc40a0,0x0000000724000000)
 Metaspace       used 73739K, committed 75264K, reserved 1179648K
  class space    used 7775K, committed 8448K, reserved 1048576K
}
Event: 127.905 GC heap after
{Heap after GC invocations=1117 (full 3):
 PSYoungGen      total 2048K, used 288K [0x00000007aab00000, 0x00000007aae00000, 0x0000000800000000)
  eden space 1536K, 0% used [0x00000007aab00000,0x00000007aab00000,0x00000007aac80000)
  from space 512K, 56% used [0x00000007aad80000,0x00000007aadc8000,0x00000007aae00000)
  to   space 512K, 0% used [0x00000007aad00000,0x00000007aad00000,0x00000007aad80000)
 ParOldGen       total 589824K, used 589768K [0x0000000700000000, 0x0000000724000000, 0x00000007aab00000)
  object space 589824K, 99% used [0x0000000700000000,0x0000000723ff20a0,0x0000000724000000)
 Metaspace       used 73739K, committed 75264K, reserved 1179648K
  class space    used 7775K, committed 8448K, reserved 1048576K
}
Event: 127.921 GC heap before
{Heap before GC invocations=1118 (full 3):
 PSYoungGen      total 2048K, used 1811K [0x00000007aab00000, 0x00000007aae00000, 0x0000000800000000)
  eden space 1536K, 99% used [0x00000007aab00000,0x00000007aac7ce38,0x00000007aac80000)
  from space 512K, 56% used [0x00000007aad80000,0x00000007aadc8000,0x00000007aae00000)
  to   space 512K, 0% used [0x00000007aad00000,0x00000007aad00000,0x00000007aad80000)
 ParOldGen       total 589824K, used 589768K [0x0000000700000000, 0x0000000724000000, 0x00000007aab00000)
  object space 589824K, 99% used [0x0000000700000000,0x0000000723ff20a0,0x0000000724000000)
 Metaspace       used 73739K, committed 75264K, reserved 1179648K
  class space    used 7775K, committed 8448K, reserved 1048576K
}
Event: 127.924 GC heap after
{Heap after GC invocations=1118 (full 3):
 PSYoungGen      total 2048K, used 288K [0x00000007aab00000, 0x00000007aae00000, 0x0000000800000000)
  eden space 1536K, 0% used [0x00000007aab00000,0x00000007aab00000,0x00000007aac80000)
  from space 512K, 56% used [0x00000007aad00000,0x00000007aad48000,0x00000007aad80000)
  to   space 512K, 0% used [0x00000007aad80000,0x00000007aad80000,0x00000007aae00000)
 ParOldGen       total 590336K, used 589966K [0x0000000700000000, 0x0000000724080000, 0x00000007aab00000)
  object space 590336K, 99% used [0x0000000700000000,0x0000000724023ba8,0x0000000724080000)
 Metaspace       used 73739K, committed 75264K, reserved 1179648K
  class space    used 7775K, committed 8448K, reserved 1048576K
}
Event: 127.939 GC heap before
{Heap before GC invocations=1119 (full 3):
 PSYoungGen      total 2048K, used 1824K [0x00000007aab00000, 0x00000007aae00000, 0x0000000800000000)
  eden space 1536K, 100% used [0x00000007aab00000,0x00000007aac80000,0x00000007aac80000)
  from space 512K, 56% used [0x00000007aad00000,0x00000007aad48000,0x00000007aad80000)
  to   space 512K, 0% used [0x00000007aad80000,0x00000007aad80000,0x00000007aae00000)
 ParOldGen       total 590336K, used 589966K [0x0000000700000000, 0x0000000724080000, 0x00000007aab00000)
  object space 590336K, 99% used [0x0000000700000000,0x0000000724023ba8,0x0000000724080000)
 Metaspace       used 73739K, committed 75264K, reserved 1179648K
  class space    used 7775K, committed 8448K, reserved 1048576K
}
Event: 127.941 GC heap after
{Heap after GC invocations=1119 (full 3):
 PSYoungGen      total 2048K, used 352K [0x00000007aab00000, 0x00000007aae00000, 0x0000000800000000)
  eden space 1536K, 0% used [0x00000007aab00000,0x00000007aab00000,0x00000007aac80000)
  from space 512K, 68% used [0x00000007aad80000,0x00000007aadd8000,0x00000007aae00000)
  to   space 512K, 0% used [0x00000007aad00000,0x00000007aad00000,0x00000007aad80000)
 ParOldGen       total 590336K, used 590190K [0x0000000700000000, 0x0000000724080000, 0x00000007aab00000)
  object space 590336K, 99% used [0x0000000700000000,0x000000072405bba8,0x0000000724080000)
 Metaspace       used 73739K, committed 75264K, reserved 1179648K
  class space    used 7775K, committed 8448K, reserved 1048576K
}
Event: 127.957 GC heap before
{Heap before GC invocations=1120 (full 3):
 PSYoungGen      total 2048K, used 1888K [0x00000007aab00000, 0x00000007aae00000, 0x0000000800000000)
  eden space 1536K, 100% used [0x00000007aab00000,0x00000007aac80000,0x00000007aac80000)
  from space 512K, 68% used [0x00000007aad80000,0x00000007aadd8000,0x00000007aae00000)
  to   space 512K, 0% used [0x00000007aad00000,0x00000007aad00000,0x00000007aad80000)
 ParOldGen       total 590336K, used 590190K [0x0000000700000000, 0x0000000724080000, 0x00000007aab00000)
  object space 590336K, 99% used [0x0000000700000000,0x000000072405bba8,0x0000000724080000)
 Metaspace       used 73739K, committed 75264K, reserved 1179648K
  class space    used 7775K, committed 8448K, reserved 1048576K
}
Event: 127.979 GC heap after
{Heap after GC invocations=1120 (full 3):
 PSYoungGen      total 2560K, used 320K [0x00000007aab00000, 0x00000007aae00000, 0x0000000800000000)
  eden space 2048K, 0% used [0x00000007aab00000,0x00000007aab00000,0x00000007aad00000)
  from space 512K, 62% used [0x00000007aad00000,0x00000007aad50000,0x00000007aad80000)
  to   space 512K, 0% used [0x00000007aad80000,0x00000007aad80000,0x00000007aae00000)
 ParOldGen       total 590848K, used 590422K [0x0000000700000000, 0x0000000724100000, 0x00000007aab00000)
  object space 590848K, 99% used [0x0000000700000000,0x0000000724095ba8,0x0000000724100000)
 Metaspace       used 73739K, committed 75264K, reserved 1179648K
  class space    used 7775K, committed 8448K, reserved 1048576K
}
Event: 128.012 GC heap before
{Heap before GC invocations=1121 (full 3):
 PSYoungGen      total 2560K, used 2368K [0x00000007aab00000, 0x00000007aae00000, 0x0000000800000000)
  eden space 2048K, 100% used [0x00000007aab00000,0x00000007aad00000,0x00000007aad00000)
  from space 512K, 62% used [0x00000007aad00000,0x00000007aad50000,0x00000007aad80000)
  to   space 512K, 0% used [0x00000007aad80000,0x00000007aad80000,0x00000007aae00000)
 ParOldGen       total 590848K, used 590422K [0x0000000700000000, 0x0000000724100000, 0x00000007aab00000)
  object space 590848K, 99% used [0x0000000700000000,0x0000000724095ba8,0x0000000724100000)
 Metaspace       used 73739K, committed 75264K, reserved 1179648K
  class space    used 7775K, committed 8448K, reserved 1048576K
}

