# JRE version: OpenJDK Runtime Environment Temurin-21.0.12.1+1 (21.0.12.1+1) (build 21.0.12.1+1-LTS)
# Java VM: OpenJDK 64-Bit Server VM Temurin-21.0.12.1+1 (21.0.12.1+1-LTS, mixed mode, sharing, tiered, compressed oops, compressed class ptrs, parallel gc, windows-amd64)
GC Precious Log:
 CardTable entry size: 512
 CPUs: 12 total, 12 available
 Memory: 7489M
 Large Page Support: Disabled
 NUMA Support: Disabled
 Compressed Oops: Enabled (Zero based)
 Alignments: Space 512K, Generation 512K, Heap 2M
 Heap Min Capacity: 100M
 Heap Initial Capacity: 100M
 Heap Max Capacity: 4G
 Pre-touch: Disabled
 Parallel Workers: 10
Heap:
 PSYoungGen      total 6144K, used 1212K [0x00000007aab00000, 0x00000007ab280000, 0x0000000800000000)
  eden space 4608K, 0% used [0x00000007aab00000,0x00000007aab00000,0x00000007aaf80000)
  from space 1536K, 78% used [0x00000007ab100000,0x00000007ab22f368,0x00000007ab280000)
  to   space 1536K, 0% used [0x00000007aaf80000,0x00000007aaf80000,0x00000007ab100000)
 ParOldGen       total 265728K, used 241038K [0x0000000700000000, 0x0000000710380000, 0x00000007aab00000)
  object space 265728K, 90% used [0x0000000700000000,0x000000070eb63840,0x0000000710380000)
 Metaspace       used 49321K, committed 50624K, reserved 1114112K
  class space    used 5378K, committed 5952K, reserved 1048576K
GC Heap History (20 events):
Event: 19.280 GC heap before
{Heap before GC invocations=118 (full 2):
 PSYoungGen      total 6144K, used 5796K [0x00000007aab00000, 0x00000007ab280000, 0x0000000800000000)
  eden space 4608K, 100% used [0x00000007aab00000,0x00000007aaf80000,0x00000007aaf80000)
  from space 1536K, 77% used [0x00000007aaf80000,0x00000007ab0a9068,0x00000007ab100000)
  to   space 1536K, 0% used [0x00000007ab100000,0x00000007ab100000,0x00000007ab280000)
 ParOldGen       total 256000K, used 255814K [0x0000000700000000, 0x000000070fa00000, 0x00000007aab00000)
  object space 256000K, 99% used [0x0000000700000000,0x000000070f9d18b8,0x000000070fa00000)
 Metaspace       used 49321K, committed 50624K, reserved 1114112K
  class space    used 5378K, committed 5952K, reserved 1048576K
}
Event: 19.283 GC heap after
{Heap after GC invocations=118 (full 2):
 PSYoungGen      total 6144K, used 1234K [0x00000007aab00000, 0x00000007ab280000, 0x0000000800000000)
  eden space 4608K, 0% used [0x00000007aab00000,0x00000007aab00000,0x00000007aaf80000)
  from space 1536K, 80% used [0x00000007ab100000,0x00000007ab234b30,0x00000007ab280000)
  to   space 1536K, 0% used [0x00000007aaf80000,0x00000007aaf80000,0x00000007ab100000)
 ParOldGen       total 257024K, used 256921K [0x0000000700000000, 0x000000070fb00000, 0x00000007aab00000)
  object space 257024K, 99% used [0x0000000700000000,0x000000070fae6418,0x000000070fb00000)
 Metaspace       used 49321K, committed 50624K, reserved 1114112K
  class space    used 5378K, committed 5952K, reserved 1048576K
}
Event: 19.313 GC heap before
{Heap before GC invocations=119 (full 2):
 PSYoungGen      total 6144K, used 5842K [0x00000007aab00000, 0x00000007ab280000, 0x0000000800000000)
  eden space 4608K, 100% used [0x00000007aab00000,0x00000007aaf80000,0x00000007aaf80000)
  from space 1536K, 80% used [0x00000007ab100000,0x00000007ab234b30,0x00000007ab280000)
  to   space 1536K, 0% used [0x00000007aaf80000,0x00000007aaf80000,0x00000007ab100000)
 ParOldGen       total 257024K, used 256921K [0x0000000700000000, 0x000000070fb00000, 0x00000007aab00000)
  object space 257024K, 99% used [0x0000000700000000,0x000000070fae6418,0x000000070fb00000)
 Metaspace       used 49321K, committed 50624K, reserved 1114112K
  class space    used 5378K, committed 5952K, reserved 1048576K
}
Event: 19.317 GC heap after
{Heap after GC invocations=119 (full 2):
 PSYoungGen      total 6144K, used 1227K [0x00000007aab00000, 0x00000007ab280000, 0x0000000800000000)
  eden space 4608K, 0% used [0x00000007aab00000,0x00000007aab00000,0x00000007aaf80000)
  from space 1536K, 79% used [0x00000007aaf80000,0x00000007ab0b2e80,0x00000007ab100000)
  to   space 1536K, 0% used [0x00000007ab100000,0x00000007ab100000,0x00000007ab280000)
 ParOldGen       total 258048K, used 258036K [0x0000000700000000, 0x000000070fc00000, 0x00000007aab00000)
  object space 258048K, 99% used [0x0000000700000000,0x000000070fbfd128,0x000000070fc00000)
 Metaspace       used 49321K, committed 50624K, reserved 1114112K
  class space    used 5378K, committed 5952K, reserved 1048576K
}
Event: 19.342 GC heap before
{Heap before GC invocations=120 (full 2):
 PSYoungGen      total 6144K, used 5835K [0x00000007aab00000, 0x00000007ab280000, 0x0000000800000000)
  eden space 4608K, 100% used [0x00000007aab00000,0x00000007aaf80000,0x00000007aaf80000)
  from space 1536K, 79% used [0x00000007aaf80000,0x00000007ab0b2e80,0x00000007ab100000)
  to   space 1536K, 0% used [0x00000007ab100000,0x00000007ab100000,0x00000007ab280000)
 ParOldGen       total 258048K, used 258036K [0x0000000700000000, 0x000000070fc00000, 0x00000007aab00000)
  object space 258048K, 99% used [0x0000000700000000,0x000000070fbfd128,0x000000070fc00000)
 Metaspace       used 49321K, committed 50624K, reserved 1114112K
  class space    used 5378K, committed 5952K, reserved 1048576K
}
Event: 19.345 GC heap after
{Heap after GC invocations=120 (full 2):
 PSYoungGen      total 6144K, used 1319K [0x00000007aab00000, 0x00000007ab280000, 0x0000000800000000)
  eden space 4608K, 0% used [0x00000007aab00000,0x00000007aab00000,0x00000007aaf80000)
  from space 1536K, 85% used [0x00000007ab100000,0x00000007ab249d20,0x00000007ab280000)
  to   space 1536K, 0% used [0x00000007aaf80000,0x00000007aaf80000,0x00000007ab100000)
 ParOldGen       total 259584K, used 259081K [0x0000000700000000, 0x000000070fd80000, 0x00000007aab00000)
  object space 259584K, 99% used [0x0000000700000000,0x000000070fd02660,0x000000070fd80000)
 Metaspace       used 49321K, committed 50624K, reserved 1114112K
  class space    used 5378K, committed 5952K, reserved 1048576K
}
Event: 19.366 GC heap before
{Heap before GC invocations=121 (full 2):
 PSYoungGen      total 6144K, used 5927K [0x00000007aab00000, 0x00000007ab280000, 0x0000000800000000)
  eden space 4608K, 100% used [0x00000007aab00000,0x00000007aaf80000,0x00000007aaf80000)
  from space 1536K, 85% used [0x00000007ab100000,0x00000007ab249d20,0x00000007ab280000)
  to   space 1536K, 0% used [0x00000007aaf80000,0x00000007aaf80000,0x00000007ab100000)
 ParOldGen       total 259584K, used 259081K [0x0000000700000000, 0x000000070fd80000, 0x00000007aab00000)
  object space 259584K, 99% used [0x0000000700000000,0x000000070fd02660,0x000000070fd80000)
 Metaspace       used 49321K, committed 50624K, reserved 1114112K
  class space    used 5378K, committed 5952K, reserved 1048576K
}
Event: 19.369 GC heap after
{Heap after GC invocations=121 (full 2):
 PSYoungGen      total 6144K, used 1163K [0x00000007aab00000, 0x00000007ab280000, 0x0000000800000000)
  eden space 4608K, 0% used [0x00000007aab00000,0x00000007aab00000,0x00000007aaf80000)
  from space 1536K, 75% used [0x00000007aaf80000,0x00000007ab0a2c20,0x00000007ab100000)
  to   space 1536K, 0% used [0x00000007ab100000,0x00000007ab100000,0x00000007ab280000)
 ParOldGen       total 260608K, used 260220K [0x0000000700000000, 0x000000070fe80000, 0x00000007aab00000)
  object space 260608K, 99% used [0x0000000700000000,0x000000070fe1f238,0x000000070fe80000)
 Metaspace       used 49321K, committed 50624K, reserved 1114112K
  class space    used 5378K, committed 5952K, reserved 1048576K
}
Event: 19.389 GC heap before
{Heap before GC invocations=122 (full 2):
 PSYoungGen      total 6144K, used 5771K [0x00000007aab00000, 0x00000007ab280000, 0x0000000800000000)
  eden space 4608K, 100% used [0x00000007aab00000,0x00000007aaf80000,0x00000007aaf80000)
  from space 1536K, 75% used [0x00000007aaf80000,0x00000007ab0a2c20,0x00000007ab100000)
  to   space 1536K, 0% used [0x00000007ab100000,0x00000007ab100000,0x00000007ab280000)
 ParOldGen       total 260608K, used 260220K [0x0000000700000000, 0x000000070fe80000, 0x00000007aab00000)
  object space 260608K, 99% used [0x0000000700000000,0x000000070fe1f238,0x000000070fe80000)
 Metaspace       used 49321K, committed 50624K, reserved 1114112K
  class space    used 5378K, committed 5952K, reserved 1048576K
}
Event: 19.392 GC heap after
{Heap after GC invocations=122 (full 2):
 PSYoungGen      total 6144K, used 1191K [0x00000007aab00000, 0x00000007ab280000, 0x0000000800000000)
  eden space 4608K, 0% used [0x00000007aab00000,0x00000007aab00000,0x00000007aaf80000)
  from space 1536K, 77% used [0x00000007ab100000,0x00000007ab229d30,0x00000007ab280000)
  to   space 1536K, 0% used [0x00000007aaf80000,0x00000007aaf80000,0x00000007ab100000)
 ParOldGen       total 261632K, used 261230K [0x0000000700000000, 0x000000070ff80000, 0x00000007aab00000)
  object space 261632K, 99% used [0x0000000700000000,0x000000070ff1b818,0x000000070ff80000)
 Metaspace       used 49321K, committed 50624K, reserved 1114112K
  class space    used 5378K, committed 5952K, reserved 1048576K
}
Event: 19.411 GC heap before
{Heap before GC invocations=123 (full 2):
 PSYoungGen      total 6144K, used 5799K [0x00000007aab00000, 0x00000007ab280000, 0x0000000800000000)
  eden space 4608K, 100% used [0x00000007aab00000,0x00000007aaf80000,0x00000007aaf80000)
  from space 1536K, 77% used [0x00000007ab100000,0x00000007ab229d30,0x00000007ab280000)
  to   space 1536K, 0% used [0x00000007aaf80000,0x00000007aaf80000,0x00000007ab100000)
 ParOldGen       total 261632K, used 261230K [0x0000000700000000, 0x000000070ff80000, 0x00000007aab00000)
  object space 261632K, 99% used [0x0000000700000000,0x000000070ff1b818,0x000000070ff80000)
 Metaspace       used 49321K, committed 50624K, reserved 1114112K
  class space    used 5378K, committed 5952K, reserved 1048576K
}
Event: 19.415 GC heap after
{Heap after GC invocations=123 (full 2):
 PSYoungGen      total 6144K, used 1301K [0x00000007aab00000, 0x00000007ab280000, 0x0000000800000000)
  eden space 4608K, 0% used [0x00000007aab00000,0x00000007aab00000,0x00000007aaf80000)
  from space 1536K, 84% used [0x00000007aaf80000,0x00000007ab0c54c8,0x00000007ab100000)
  to   space 1536K, 0% used [0x00000007ab100000,0x00000007ab100000,0x00000007ab280000)
 ParOldGen       total 262656K, used 262241K [0x0000000700000000, 0x0000000710080000, 0x00000007aab00000)
  object space 262656K, 99% used [0x0000000700000000,0x00000007100185b8,0x0000000710080000)
 Metaspace       used 49321K, committed 50624K, reserved 1114112K
  class space    used 5378K, committed 5952K, reserved 1048576K
}
Event: 19.438 GC heap before
{Heap before GC invocations=124 (full 2):
 PSYoungGen      total 6144K, used 5909K [0x00000007aab00000, 0x00000007ab280000, 0x0000000800000000)
  eden space 4608K, 100% used [0x00000007aab00000,0x00000007aaf80000,0x00000007aaf80000)
  from space 1536K, 84% used [0x00000007aaf80000,0x00000007ab0c54c8,0x00000007ab100000)
  to   space 1536K, 0% used [0x00000007ab100000,0x00000007ab100000,0x00000007ab280000)
 ParOldGen       total 262656K, used 262241K [0x0000000700000000, 0x0000000710080000, 0x00000007aab00000)
  object space 262656K, 99% used [0x0000000700000000,0x00000007100185b8,0x0000000710080000)
 Metaspace       used 49321K, committed 50624K, reserved 1114112K
  class space    used 5378K, committed 5952K, reserved 1048576K
}
Event: 19.441 GC heap after
{Heap after GC invocations=124 (full 2):
 PSYoungGen      total 6144K, used 1163K [0x00000007aab00000, 0x00000007ab280000, 0x0000000800000000)
  eden space 4608K, 0% used [0x00000007aab00000,0x00000007aab00000,0x00000007aaf80000)
  from space 1536K, 75% used [0x00000007ab100000,0x00000007ab222ff0,0x00000007ab280000)
  to   space 1536K, 0% used [0x00000007aaf80000,0x00000007aaf80000,0x00000007ab100000)
 ParOldGen       total 263680K, used 263384K [0x0000000700000000, 0x0000000710180000, 0x00000007aab00000)
  object space 263680K, 99% used [0x0000000700000000,0x00000007101361e8,0x0000000710180000)
 Metaspace       used 49321K, committed 50624K, reserved 1114112K
  class space    used 5378K, committed 5952K, reserved 1048576K
}
Event: 19.466 GC heap before
{Heap before GC invocations=125 (full 2):
 PSYoungGen      total 6144K, used 5771K [0x00000007aab00000, 0x00000007ab280000, 0x0000000800000000)
  eden space 4608K, 100% used [0x00000007aab00000,0x00000007aaf80000,0x00000007aaf80000)
  from space 1536K, 75% used [0x00000007ab100000,0x00000007ab222ff0,0x00000007ab280000)
  to   space 1536K, 0% used [0x00000007aaf80000,0x00000007aaf80000,0x00000007ab100000)
 ParOldGen       total 263680K, used 263384K [0x0000000700000000, 0x0000000710180000, 0x00000007aab00000)
  object space 263680K, 99% used [0x0000000700000000,0x00000007101361e8,0x0000000710180000)
 Metaspace       used 49321K, committed 50624K, reserved 1114112K
  class space    used 5378K, committed 5952K, reserved 1048576K
}
Event: 19.473 GC heap after
{Heap after GC invocations=125 (full 2):
 PSYoungGen      total 6144K, used 1183K [0x00000007aab00000, 0x00000007ab280000, 0x0000000800000000)
  eden space 4608K, 0% used [0x00000007aab00000,0x00000007aab00000,0x00000007aaf80000)
  from space 1536K, 77% used [0x00000007aaf80000,0x00000007ab0a7dd8,0x00000007ab100000)
  to   space 1536K, 0% used [0x00000007ab100000,0x00000007ab100000,0x00000007ab280000)
 ParOldGen       total 264704K, used 264423K [0x0000000700000000, 0x0000000710280000, 0x00000007aab00000)
  object space 264704K, 99% used [0x0000000700000000,0x0000000710239f58,0x0000000710280000)
 Metaspace       used 49321K, committed 50624K, reserved 1114112K
  class space    used 5378K, committed 5952K, reserved 1048576K
}
Event: 19.502 GC heap before
{Heap before GC invocations=126 (full 2):
 PSYoungGen      total 6144K, used 5791K [0x00000007aab00000, 0x00000007ab280000, 0x0000000800000000)
  eden space 4608K, 100% used [0x00000007aab00000,0x00000007aaf80000,0x00000007aaf80000)
  from space 1536K, 77% used [0x00000007aaf80000,0x00000007ab0a7dd8,0x00000007ab100000)
  to   space 1536K, 0% used [0x00000007ab100000,0x00000007ab100000,0x00000007ab280000)
 ParOldGen       total 264704K, used 264423K [0x0000000700000000, 0x0000000710280000, 0x00000007aab00000)
  object space 264704K, 99% used [0x0000000700000000,0x0000000710239f58,0x0000000710280000)
 Metaspace       used 49321K, committed 50624K, reserved 1114112K
  class space    used 5378K, committed 5952K, reserved 1048576K
}
Event: 19.527 GC heap after
{Heap after GC invocations=126 (full 2):
 PSYoungGen      total 6144K, used 5791K [0x00000007aab00000, 0x00000007ab280000, 0x0000000800000000)
  eden space 4608K, 100% used [0x00000007aab00000,0x00000007aaf80000,0x00000007aaf80000)
  from space 1536K, 77% used [0x00000007aaf80000,0x00000007ab0a7dd8,0x00000007ab100000)
  to   space 1536K, 72% used [0x00000007ab100000,0x00000007ab215230,0x00000007ab280000)
 ParOldGen       total 265728K, used 265409K [0x0000000700000000, 0x0000000710380000, 0x00000007aab00000)
  object space 265728K, 99% used [0x0000000700000000,0x00000007103306d8,0x0000000710380000)
 Metaspace       used 49321K, committed 50624K, reserved 1114112K
  class space    used 5378K, committed 5952K, reserved 1048576K
}
Event: 19.527 GC heap before
{Heap before GC invocations=127 (full 3):
 PSYoungGen      total 6144K, used 5791K [0x00000007aab00000, 0x00000007ab280000, 0x0000000800000000)
  eden space 4608K, 100% used [0x00000007aab00000,0x00000007aaf80000,0x00000007aaf80000)
  from space 1536K, 77% used [0x00000007aaf80000,0x00000007ab0a7dd8,0x00000007ab100000)
  to   space 1536K, 72% used [0x00000007ab100000,0x00000007ab215230,0x00000007ab280000)
 ParOldGen       total 265728K, used 265409K [0x0000000700000000, 0x0000000710380000, 0x00000007aab00000)
  object space 265728K, 99% used [0x0000000700000000,0x00000007103306d8,0x0000000710380000)
 Metaspace       used 49321K, committed 50624K, reserved 1114112K
  class space    used 5378K, committed 5952K, reserved 1048576K
}
Event: 20.622 GC heap after
{Heap after GC invocations=127 (full 3):
 PSYoungGen      total 6144K, used 0K [0x00000007aab00000, 0x00000007ab280000, 0x0000000800000000)
  eden space 4608K, 0% used [0x00000007aab00000,0x00000007aab00000,0x00000007aaf80000)
  from space 1536K, 0% used [0x00000007ab100000,0x00000007ab100000,0x00000007ab280000)
  to   space 1536K, 0% used [0x00000007aaf80000,0x00000007aaf80000,0x00000007ab100000)
 ParOldGen       total 265728K, used 238093K [0x0000000700000000, 0x0000000710380000, 0x00000007aab00000)
  object space 265728K, 89% used [0x0000000700000000,0x000000070e883718,0x0000000710380000)
 Metaspace       used 49321K, committed 50624K, reserved 1114112K
  class space    used 5378K, committed 5952K, reserved 1048576K
}

