# JRE version: OpenJDK Runtime Environment Temurin-21.0.12.1+1 (21.0.12.1+1) (build 21.0.12.1+1-LTS)
# Java VM: OpenJDK 64-Bit Server VM Temurin-21.0.12.1+1 (21.0.12.1+1-LTS, mixed mode, sharing, tiered, compressed oops, compressed class ptrs, parallel gc, windows-amd64)
GC Precious Log:
 CardTable entry size: 512
 CPUs: 12 total, 12 available
 Memory: 7489M
 Large Page Support: Disabled
 NUMA Support: Disabled
 Compressed Oops: Enabled (Zero based)
 Alignments: Space 512K, Generation 512K, Heap 2M
 Heap Min Capacity: 100M
 Heap Initial Capacity: 100M
 Heap Max Capacity: 4G
 Pre-touch: Disabled
 Parallel Workers: 10
Heap:
 PSYoungGen      total 12288K, used 2772K [0x00000007aab00000, 0x00000007ab980000, 0x0000000800000000)
  eden space 9728K, 6% used [0x00000007aab00000,0x00000007aaba7c48,0x00000007ab480000)
  from space 2560K, 82% used [0x00000007ab500000,0x00000007ab70d4d8,0x00000007ab780000)
  to   space 2048K, 0% used [0x00000007ab780000,0x00000007ab780000,0x00000007ab980000)
 ParOldGen       total 80384K, used 80245K [0x0000000700000000, 0x0000000704e80000, 0x00000007aab00000)
  object space 80384K, 99% used [0x0000000700000000,0x0000000704e5d500,0x0000000704e80000)
 Metaspace       used 50312K, committed 51648K, reserved 1114112K
  class space    used 5495K, committed 6080K, reserved 1048576K
GC Heap History (20 events):
Event: 13.783 GC heap before
{Heap before GC invocations=31 (full 2):
 PSYoungGen      total 14848K, used 14827K [0x00000007aab00000, 0x00000007ac680000, 0x0000000800000000)
  eden space 12800K, 100% used [0x00000007aab00000,0x00000007ab780000,0x00000007ab780000)
  from space 2048K, 98% used [0x00000007abd80000,0x00000007abf7acd0,0x00000007abf80000)
  to   space 6144K, 0% used [0x00000007ab780000,0x00000007ab780000,0x00000007abd80000)
 ParOldGen       total 68608K, used 55991K [0x0000000700000000, 0x0000000704300000, 0x00000007aab00000)
  object space 68608K, 81% used [0x0000000700000000,0x00000007036addd8,0x0000000704300000)
 Metaspace       used 48995K, committed 50304K, reserved 1114112K
  class space    used 5348K, committed 5888K, reserved 1048576K
}
Event: 13.789 GC heap after
{Heap after GC invocations=31 (full 2):
 PSYoungGen      total 15360K, used 2251K [0x00000007aab00000, 0x00000007abe80000, 0x0000000800000000)
  eden space 12800K, 0% used [0x00000007aab00000,0x00000007aab00000,0x00000007ab780000)
  from space 2560K, 87% used [0x00000007ab780000,0x00000007ab9b2df8,0x00000007aba00000)
  to   space 3584K, 0% used [0x00000007abb00000,0x00000007abb00000,0x00000007abe80000)
 ParOldGen       total 68608K, used 58017K [0x0000000700000000, 0x0000000704300000, 0x00000007aab00000)
  object space 68608K, 84% used [0x0000000700000000,0x00000007038a8468,0x0000000704300000)
 Metaspace       used 48995K, committed 50304K, reserved 1114112K
  class space    used 5348K, committed 5888K, reserved 1048576K
}
Event: 14.087 GC heap before
{Heap before GC invocations=32 (full 2):
 PSYoungGen      total 15360K, used 15040K [0x00000007aab00000, 0x00000007abe80000, 0x0000000800000000)
  eden space 12800K, 99% used [0x00000007aab00000,0x00000007ab77d3b8,0x00000007ab780000)
  from space 2560K, 87% used [0x00000007ab780000,0x00000007ab9b2df8,0x00000007aba00000)
  to   space 3584K, 0% used [0x00000007abb00000,0x00000007abb00000,0x00000007abe80000)
 ParOldGen       total 68608K, used 58017K [0x0000000700000000, 0x0000000704300000, 0x00000007aab00000)
  object space 68608K, 84% used [0x0000000700000000,0x00000007038a8468,0x0000000704300000)
 Metaspace       used 49469K, committed 50752K, reserved 1114112K
  class space    used 5406K, committed 5952K, reserved 1048576K
}
Event: 14.093 GC heap after
{Heap after GC invocations=32 (full 2):
 PSYoungGen      total 16384K, used 3020K [0x00000007aab00000, 0x00000007abe80000, 0x0000000800000000)
  eden space 12800K, 0% used [0x00000007aab00000,0x00000007aab00000,0x00000007ab780000)
  from space 3584K, 84% used [0x00000007abb00000,0x00000007abdf3290,0x00000007abe80000)
  to   space 3584K, 0% used [0x00000007ab780000,0x00000007ab780000,0x00000007abb00000)
 ParOldGen       total 68608K, used 60118K [0x0000000700000000, 0x0000000704300000, 0x00000007aab00000)
  object space 68608K, 87% used [0x0000000700000000,0x0000000703ab5810,0x0000000704300000)
 Metaspace       used 49469K, committed 50752K, reserved 1114112K
  class space    used 5406K, committed 5952K, reserved 1048576K
}
Event: 14.237 GC heap before
{Heap before GC invocations=33 (full 2):
 PSYoungGen      total 16384K, used 15820K [0x00000007aab00000, 0x00000007abe80000, 0x0000000800000000)
  eden space 12800K, 100% used [0x00000007aab00000,0x00000007ab780000,0x00000007ab780000)
  from space 3584K, 84% used [0x00000007abb00000,0x00000007abdf3290,0x00000007abe80000)
  to   space 3584K, 0% used [0x00000007ab780000,0x00000007ab780000,0x00000007abb00000)
 ParOldGen       total 68608K, used 60118K [0x0000000700000000, 0x0000000704300000, 0x00000007aab00000)
  object space 68608K, 87% used [0x0000000700000000,0x0000000703ab5810,0x0000000704300000)
 Metaspace       used 49816K, committed 51136K, reserved 1114112K
  class space    used 5436K, committed 6016K, reserved 1048576K
}
Event: 14.242 GC heap after
{Heap after GC invocations=33 (full 2):
 PSYoungGen      total 15360K, used 2429K [0x00000007aab00000, 0x00000007abd80000, 0x0000000800000000)
  eden space 12800K, 0% used [0x00000007aab00000,0x00000007aab00000,0x00000007ab780000)
  from space 2560K, 94% used [0x00000007ab780000,0x00000007ab9df670,0x00000007aba00000)
  to   space 3072K, 0% used [0x00000007aba80000,0x00000007aba80000,0x00000007abd80000)
 ParOldGen       total 68608K, used 62944K [0x0000000700000000, 0x0000000704300000, 0x00000007aab00000)
  object space 68608K, 91% used [0x0000000700000000,0x0000000703d78020,0x0000000704300000)
 Metaspace       used 49816K, committed 51136K, reserved 1114112K
  class space    used 5436K, committed 6016K, reserved 1048576K
}
Event: 14.398 GC heap before
{Heap before GC invocations=34 (full 2):
 PSYoungGen      total 15360K, used 15229K [0x00000007aab00000, 0x00000007abd80000, 0x0000000800000000)
  eden space 12800K, 100% used [0x00000007aab00000,0x00000007ab780000,0x00000007ab780000)
  from space 2560K, 94% used [0x00000007ab780000,0x00000007ab9df670,0x00000007aba00000)
  to   space 3072K, 0% used [0x00000007aba80000,0x00000007aba80000,0x00000007abd80000)
 ParOldGen       total 68608K, used 62944K [0x0000000700000000, 0x0000000704300000, 0x00000007aab00000)
  object space 68608K, 91% used [0x0000000700000000,0x0000000703d78020,0x0000000704300000)
 Metaspace       used 50032K, committed 51328K, reserved 1114112K
  class space    used 5456K, committed 6016K, reserved 1048576K
}
Event: 14.403 GC heap after
{Heap after GC invocations=34 (full 2):
 PSYoungGen      total 15360K, used 2403K [0x00000007aab00000, 0x00000007abd00000, 0x0000000800000000)
  eden space 12800K, 0% used [0x00000007aab00000,0x00000007aab00000,0x00000007ab780000)
  from space 2560K, 93% used [0x00000007aba80000,0x00000007abcd8f28,0x00000007abd00000)
  to   space 2560K, 0% used [0x00000007ab780000,0x00000007ab780000,0x00000007aba00000)
 ParOldGen       total 68608K, used 65248K [0x0000000700000000, 0x0000000704300000, 0x00000007aab00000)
  object space 68608K, 95% used [0x0000000700000000,0x0000000703fb8288,0x0000000704300000)
 Metaspace       used 50032K, committed 51328K, reserved 1114112K
  class space    used 5456K, committed 6016K, reserved 1048576K
}
Event: 14.524 GC heap before
{Heap before GC invocations=35 (full 2):
 PSYoungGen      total 15360K, used 15203K [0x00000007aab00000, 0x00000007abd00000, 0x0000000800000000)
  eden space 12800K, 100% used [0x00000007aab00000,0x00000007ab780000,0x00000007ab780000)
  from space 2560K, 93% used [0x00000007aba80000,0x00000007abcd8f28,0x00000007abd00000)
  to   space 2560K, 0% used [0x00000007ab780000,0x00000007ab780000,0x00000007aba00000)
 ParOldGen       total 68608K, used 65248K [0x0000000700000000, 0x0000000704300000, 0x00000007aab00000)
  object space 68608K, 95% used [0x0000000700000000,0x0000000703fb8288,0x0000000704300000)
 Metaspace       used 50032K, committed 51328K, reserved 1114112K
  class space    used 5456K, committed 6016K, reserved 1048576K
}
Event: 14.531 GC heap after
{Heap after GC invocations=35 (full 2):
 PSYoungGen      total 15360K, used 2245K [0x00000007aab00000, 0x00000007abc80000, 0x0000000800000000)
  eden space 12800K, 0% used [0x00000007aab00000,0x00000007aab00000,0x00000007ab780000)
  from space 2560K, 87% used [0x00000007ab780000,0x00000007ab9b1670,0x00000007aba00000)
  to   space 2560K, 0% used [0x00000007aba00000,0x00000007aba00000,0x00000007abc80000)
 ParOldGen       total 68608K, used 67422K [0x0000000700000000, 0x0000000704300000, 0x00000007aab00000)
  object space 68608K, 98% used [0x0000000700000000,0x00000007041d7ba0,0x0000000704300000)
 Metaspace       used 50032K, committed 51328K, reserved 1114112K
  class space    used 5456K, committed 6016K, reserved 1048576K
}
Event: 14.637 GC heap before
{Heap before GC invocations=36 (full 2):
 PSYoungGen      total 15360K, used 15045K [0x00000007aab00000, 0x00000007abc80000, 0x0000000800000000)
  eden space 12800K, 100% used [0x00000007aab00000,0x00000007ab780000,0x00000007ab780000)
  from space 2560K, 87% used [0x00000007ab780000,0x00000007ab9b1670,0x00000007aba00000)
  to   space 2560K, 0% used [0x00000007aba00000,0x00000007aba00000,0x00000007abc80000)
 ParOldGen       total 68608K, used 67422K [0x0000000700000000, 0x0000000704300000, 0x00000007aab00000)
  object space 68608K, 98% used [0x0000000700000000,0x00000007041d7ba0,0x0000000704300000)
 Metaspace       used 50100K, committed 51392K, reserved 1114112K
  class space    used 5468K, committed 6016K, reserved 1048576K
}
Event: 14.643 GC heap after
{Heap after GC invocations=36 (full 2):
 PSYoungGen      total 12288K, used 2548K [0x00000007aab00000, 0x00000007ac280000, 0x0000000800000000)
  eden space 9728K, 0% used [0x00000007aab00000,0x00000007aab00000,0x00000007ab480000)
  from space 2560K, 99% used [0x00000007aba00000,0x00000007abc7d0c0,0x00000007abc80000)
  to   space 5632K, 0% used [0x00000007ab480000,0x00000007ab480000,0x00000007aba00000)
 ParOldGen       total 70144K, used 69963K [0x0000000700000000, 0x0000000704480000, 0x00000007aab00000)
  object space 70144K, 99% used [0x0000000700000000,0x0000000704452ee8,0x0000000704480000)
 Metaspace       used 50100K, committed 51392K, reserved 1114112K
  class space    used 5468K, committed 6016K, reserved 1048576K
}
Event: 14.722 GC heap before
{Heap before GC invocations=37 (full 2):
 PSYoungGen      total 12288K, used 12276K [0x00000007aab00000, 0x00000007ac280000, 0x0000000800000000)
  eden space 9728K, 100% used [0x00000007aab00000,0x00000007ab480000,0x00000007ab480000)
  from space 2560K, 99% used [0x00000007aba00000,0x00000007abc7d0c0,0x00000007abc80000)
  to   space 5632K, 0% used [0x00000007ab480000,0x00000007ab480000,0x00000007aba00000)
 ParOldGen       total 70144K, used 69963K [0x0000000700000000, 0x0000000704480000, 0x00000007aab00000)
  object space 70144K, 99% used [0x0000000700000000,0x0000000704452ee8,0x0000000704480000)
 Metaspace       used 50279K, committed 51584K, reserved 1114112K
  class space    used 5493K, committed 6080K, reserved 1048576K
}
Event: 14.728 GC heap after
{Heap after GC invocations=37 (full 2):
 PSYoungGen      total 11776K, used 1927K [0x00000007aab00000, 0x00000007aba80000, 0x0000000800000000)
  eden space 9728K, 0% used [0x00000007aab00000,0x00000007aab00000,0x00000007ab480000)
  from space 2048K, 94% used [0x00000007ab480000,0x00000007ab661ca0,0x00000007ab680000)
  to   space 3072K, 0% used [0x00000007ab780000,0x00000007ab780000,0x00000007aba80000)
 ParOldGen       total 72704K, used 72493K [0x0000000700000000, 0x0000000704700000, 0x00000007aab00000)
  object space 72704K, 99% used [0x0000000700000000,0x00000007046cb5f0,0x0000000704700000)
 Metaspace       used 50279K, committed 51584K, reserved 1114112K
  class space    used 5493K, committed 6080K, reserved 1048576K
}
Event: 14.814 GC heap before
{Heap before GC invocations=38 (full 2):
 PSYoungGen      total 11776K, used 11655K [0x00000007aab00000, 0x00000007aba80000, 0x0000000800000000)
  eden space 9728K, 100% used [0x00000007aab00000,0x00000007ab480000,0x00000007ab480000)
  from space 2048K, 94% used [0x00000007ab480000,0x00000007ab661ca0,0x00000007ab680000)
  to   space 3072K, 0% used [0x00000007ab780000,0x00000007ab780000,0x00000007aba80000)
 ParOldGen       total 72704K, used 72493K [0x0000000700000000, 0x0000000704700000, 0x00000007aab00000)
  object space 72704K, 99% used [0x0000000700000000,0x00000007046cb5f0,0x0000000704700000)
 Metaspace       used 50285K, committed 51584K, reserved 1114112K
  class space    used 5494K, committed 6080K, reserved 1048576K
}
Event: 14.818 GC heap after
{Heap after GC invocations=38 (full 2):
 PSYoungGen      total 12288K, used 2149K [0x00000007aab00000, 0x00000007aba00000, 0x0000000800000000)
  eden space 9728K, 0% used [0x00000007aab00000,0x00000007aab00000,0x00000007ab480000)
  from space 2560K, 83% used [0x00000007ab780000,0x00000007ab9995a8,0x00000007aba00000)
  to   space 2560K, 0% used [0x00000007ab500000,0x00000007ab500000,0x00000007ab780000)
 ParOldGen       total 74752K, used 74309K [0x0000000700000000, 0x0000000704900000, 0x00000007aab00000)
  object space 74752K, 99% used [0x0000000700000000,0x0000000704891588,0x0000000704900000)
 Metaspace       used 50285K, committed 51584K, reserved 1114112K
  class space    used 5494K, committed 6080K, reserved 1048576K
}
Event: 14.903 GC heap before
{Heap before GC invocations=39 (full 2):
 PSYoungGen      total 12288K, used 11877K [0x00000007aab00000, 0x00000007aba00000, 0x0000000800000000)
  eden space 9728K, 100% used [0x00000007aab00000,0x00000007ab480000,0x00000007ab480000)
  from space 2560K, 83% used [0x00000007ab780000,0x00000007ab9995a8,0x00000007aba00000)
  to   space 2560K, 0% used [0x00000007ab500000,0x00000007ab500000,0x00000007ab780000)
 ParOldGen       total 74752K, used 74309K [0x0000000700000000, 0x0000000704900000, 0x00000007aab00000)
  object space 74752K, 99% used [0x0000000700000000,0x0000000704891588,0x0000000704900000)
 Metaspace       used 50286K, committed 51584K, reserved 1114112K
  class space    used 5494K, committed 6080K, reserved 1048576K
}
Event: 14.907 GC heap after
{Heap after GC invocations=39 (full 2):
 PSYoungGen      total 12288K, used 2102K [0x00000007aab00000, 0x00000007ab980000, 0x0000000800000000)
  eden space 9728K, 0% used [0x00000007aab00000,0x00000007aab00000,0x00000007ab480000)
  from space 2560K, 82% used [0x00000007ab500000,0x00000007ab70d868,0x00000007ab780000)
  to   space 2048K, 0% used [0x00000007ab780000,0x00000007ab780000,0x00000007ab980000)
 ParOldGen       total 76800K, used 76301K [0x0000000700000000, 0x0000000704b00000, 0x00000007aab00000)
  object space 76800K, 99% used [0x0000000700000000,0x0000000704a837d0,0x0000000704b00000)
 Metaspace       used 50286K, committed 51584K, reserved 1114112K
  class space    used 5494K, committed 6080K, reserved 1048576K
}
Event: 14.973 GC heap before
{Heap before GC invocations=40 (full 2):
 PSYoungGen      total 12288K, used 11830K [0x00000007aab00000, 0x00000007ab980000, 0x0000000800000000)
  eden space 9728K, 100% used [0x00000007aab00000,0x00000007ab480000,0x00000007ab480000)
  from space 2560K, 82% used [0x00000007ab500000,0x00000007ab70d868,0x00000007ab780000)
  to   space 2048K, 0% used [0x00000007ab780000,0x00000007ab780000,0x00000007ab980000)
 ParOldGen       total 76800K, used 76301K [0x0000000700000000, 0x0000000704b00000, 0x00000007aab00000)
  object space 76800K, 99% used [0x0000000700000000,0x0000000704a837d0,0x0000000704b00000)
 Metaspace       used 50296K, committed 51584K, reserved 1114112K
  class space    used 5494K, committed 6080K, reserved 1048576K
}
Event: 15.009 GC heap after
{Heap after GC invocations=40 (full 2):
 PSYoungGen      total 11776K, used 2029K [0x00000007aab00000, 0x00000007ab980000, 0x0000000800000000)
  eden space 9728K, 0% used [0x00000007aab00000,0x00000007aab00000,0x00000007ab480000)
  from space 2048K, 99% used [0x00000007ab780000,0x00000007ab97b7e0,0x00000007ab980000)
  to   space 2560K, 0% used [0x00000007ab500000,0x00000007ab500000,0x00000007ab780000)
 ParOldGen       total 78336K, used 78250K [0x0000000700000000, 0x0000000704c80000, 0x00000007aab00000)
  object space 78336K, 99% used [0x0000000700000000,0x0000000704c6abe0,0x0000000704c80000)
 Metaspace       used 50296K, committed 51584K, reserved 1114112K
  class space    used 5494K, committed 6080K, reserved 1048576K
}

