# JRE version: OpenJDK Runtime Environment Temurin-21.0.12.1+1 (21.0.12.1+1) (build 21.0.12.1+1-LTS)
# Java VM: OpenJDK 64-Bit Server VM Temurin-21.0.12.1+1 (21.0.12.1+1-LTS, mixed mode, sharing, tiered, compressed oops, compressed class ptrs, parallel gc, windows-amd64)
GC Precious Log:
 CardTable entry size: 512
 CPUs: 12 total, 12 available
 Memory: 7489M
 Large Page Support: Disabled
 NUMA Support: Disabled
 Compressed Oops: Enabled (Zero based)
 Alignments: Space 512K, Generation 512K, Heap 2M
 Heap Min Capacity: 100M
 Heap Initial Capacity: 100M
 Heap Max Capacity: 4G
 Pre-touch: Disabled
 Parallel Workers: 10
Heap:
 PSYoungGen      total 2560K, used 1584K [0x00000007aab00000, 0x00000007aae80000, 0x0000000800000000)
  eden space 2048K, 57% used [0x00000007aab00000,0x00000007aac24180,0x00000007aad00000)
  from space 512K, 81% used [0x00000007aae00000,0x00000007aae68000,0x00000007aae80000)
  to   space 512K, 0% used [0x00000007aad80000,0x00000007aad80000,0x00000007aae00000)
 ParOldGen       total 392704K, used 392682K [0x0000000700000000, 0x0000000717f80000, 0x00000007aab00000)
  object space 392704K, 99% used [0x0000000700000000,0x0000000717f7aae8,0x0000000717f80000)
 Metaspace       used 49717K, committed 51072K, reserved 1114112K
  class space    used 5392K, committed 5952K, reserved 1048576K
GC Heap History (20 events):
Event: 35.968 GC heap before
{Heap before GC invocations=443 (full 3):
 PSYoungGen      total 3584K, used 3488K [0x00000007aab00000, 0x00000007ab000000, 0x0000000800000000)
  eden space 3072K, 100% used [0x00000007aab00000,0x00000007aae00000,0x00000007aae00000)
  from space 512K, 81% used [0x00000007aae00000,0x00000007aae68000,0x00000007aae80000)
  to   space 512K, 0% used [0x00000007aaf80000,0x00000007aaf80000,0x00000007ab000000)
 ParOldGen       total 388608K, used 388273K [0x0000000700000000, 0x0000000717b80000, 0x00000007aab00000)
  object space 388608K, 99% used [0x0000000700000000,0x0000000717b2c730,0x0000000717b80000)
 Metaspace       used 49715K, committed 51072K, reserved 1114112K
  class space    used 5392K, committed 5952K, reserved 1048576K
}
Event: 35.970 GC heap after
{Heap after GC invocations=443 (full 3):
 PSYoungGen      total 3584K, used 512K [0x00000007aab00000, 0x00000007ab000000, 0x0000000800000000)
  eden space 3072K, 0% used [0x00000007aab00000,0x00000007aab00000,0x00000007aae00000)
  from space 512K, 100% used [0x00000007aaf80000,0x00000007ab000000,0x00000007ab000000)
  to   space 1024K, 0% used [0x00000007aae00000,0x00000007aae00000,0x00000007aaf00000)
 ParOldGen       total 389120K, used 388647K [0x0000000700000000, 0x0000000717c00000, 0x00000007aab00000)
  object space 389120K, 99% used [0x0000000700000000,0x0000000717b89d40,0x0000000717c00000)
 Metaspace       used 49715K, committed 51072K, reserved 1114112K
  class space    used 5392K, committed 5952K, reserved 1048576K
}
Event: 36.011 GC heap before
{Heap before GC invocations=444 (full 3):
 PSYoungGen      total 3584K, used 3584K [0x00000007aab00000, 0x00000007ab000000, 0x0000000800000000)
  eden space 3072K, 100% used [0x00000007aab00000,0x00000007aae00000,0x00000007aae00000)
  from space 512K, 100% used [0x00000007aaf80000,0x00000007ab000000,0x00000007ab000000)
  to   space 1024K, 0% used [0x00000007aae00000,0x00000007aae00000,0x00000007aaf00000)
 ParOldGen       total 389120K, used 388647K [0x0000000700000000, 0x0000000717c00000, 0x00000007aab00000)
  object space 389120K, 99% used [0x0000000700000000,0x0000000717b89d40,0x0000000717c00000)
 Metaspace       used 49715K, committed 51072K, reserved 1114112K
  class space    used 5392K, committed 5952K, reserved 1048576K
}
Event: 36.013 GC heap after
{Heap after GC invocations=444 (full 3):
 PSYoungGen      total 4096K, used 480K [0x00000007aab00000, 0x00000007ab000000, 0x0000000800000000)
  eden space 3072K, 0% used [0x00000007aab00000,0x00000007aab00000,0x00000007aae00000)
  from space 1024K, 46% used [0x00000007aae00000,0x00000007aae78000,0x00000007aaf00000)
  to   space 512K, 0% used [0x00000007aaf80000,0x00000007aaf80000,0x00000007ab000000)
 ParOldGen       total 389120K, used 389015K [0x0000000700000000, 0x0000000717c00000, 0x00000007aab00000)
  object space 389120K, 99% used [0x0000000700000000,0x0000000717be5d40,0x0000000717c00000)
 Metaspace       used 49715K, committed 51072K, reserved 1114112K
  class space    used 5392K, committed 5952K, reserved 1048576K
}
Event: 36.036 GC heap before
{Heap before GC invocations=445 (full 3):
 PSYoungGen      total 4096K, used 3552K [0x00000007aab00000, 0x00000007ab000000, 0x0000000800000000)
  eden space 3072K, 100% used [0x00000007aab00000,0x00000007aae00000,0x00000007aae00000)
  from space 1024K, 46% used [0x00000007aae00000,0x00000007aae78000,0x00000007aaf00000)
  to   space 512K, 0% used [0x00000007aaf80000,0x00000007aaf80000,0x00000007ab000000)
 ParOldGen       total 389120K, used 389015K [0x0000000700000000, 0x0000000717c00000, 0x00000007aab00000)
  object space 389120K, 99% used [0x0000000700000000,0x0000000717be5d40,0x0000000717c00000)
 Metaspace       used 49715K, committed 51072K, reserved 1114112K
  class space    used 5392K, committed 5952K, reserved 1048576K
}
Event: 36.038 GC heap after
{Heap after GC invocations=445 (full 3):
 PSYoungGen      total 3584K, used 512K [0x00000007aab00000, 0x00000007ab000000, 0x0000000800000000)
  eden space 3072K, 0% used [0x00000007aab00000,0x00000007aab00000,0x00000007aae00000)
  from space 512K, 100% used [0x00000007aaf80000,0x00000007ab000000,0x00000007ab000000)
  to   space 1024K, 0% used [0x00000007aae00000,0x00000007aae00000,0x00000007aaf00000)
 ParOldGen       total 389632K, used 389383K [0x0000000700000000, 0x0000000717c80000, 0x00000007aab00000)
  object space 389632K, 99% used [0x0000000700000000,0x0000000717c41d40,0x0000000717c80000)
 Metaspace       used 49715K, committed 51072K, reserved 1114112K
  class space    used 5392K, committed 5952K, reserved 1048576K
}
Event: 36.061 GC heap before
{Heap before GC invocations=446 (full 3):
 PSYoungGen      total 3584K, used 3584K [0x00000007aab00000, 0x00000007ab000000, 0x0000000800000000)
  eden space 3072K, 100% used [0x00000007aab00000,0x00000007aae00000,0x00000007aae00000)
  from space 512K, 100% used [0x00000007aaf80000,0x00000007ab000000,0x00000007ab000000)
  to   space 1024K, 0% used [0x00000007aae00000,0x00000007aae00000,0x00000007aaf00000)
 ParOldGen       total 389632K, used 389383K [0x0000000700000000, 0x0000000717c80000, 0x00000007aab00000)
  object space 389632K, 99% used [0x0000000700000000,0x0000000717c41d40,0x0000000717c80000)
 Metaspace       used 49715K, committed 51072K, reserved 1114112K
  class space    used 5392K, committed 5952K, reserved 1048576K
}
Event: 36.063 GC heap after
{Heap after GC invocations=446 (full 3):
 PSYoungGen      total 4096K, used 416K [0x00000007aab00000, 0x00000007ab000000, 0x0000000800000000)
  eden space 3072K, 0% used [0x00000007aab00000,0x00000007aab00000,0x00000007aae00000)
  from space 1024K, 40% used [0x00000007aae00000,0x00000007aae68000,0x00000007aaf00000)
  to   space 1024K, 0% used [0x00000007aaf00000,0x00000007aaf00000,0x00000007ab000000)
 ParOldGen       total 390144K, used 389767K [0x0000000700000000, 0x0000000717d00000, 0x00000007aab00000)
  object space 390144K, 99% used [0x0000000700000000,0x0000000717ca1d40,0x0000000717d00000)
 Metaspace       used 49715K, committed 51072K, reserved 1114112K
  class space    used 5392K, committed 5952K, reserved 1048576K
}
Event: 36.099 GC heap before
{Heap before GC invocations=447 (full 3):
 PSYoungGen      total 4096K, used 3482K [0x00000007aab00000, 0x00000007ab000000, 0x0000000800000000)
  eden space 3072K, 99% used [0x00000007aab00000,0x00000007aadfe8d8,0x00000007aae00000)
  from space 1024K, 40% used [0x00000007aae00000,0x00000007aae68000,0x00000007aaf00000)
  to   space 1024K, 0% used [0x00000007aaf00000,0x00000007aaf00000,0x00000007ab000000)
 ParOldGen       total 390144K, used 389767K [0x0000000700000000, 0x0000000717d00000, 0x00000007aab00000)
  object space 390144K, 99% used [0x0000000700000000,0x0000000717ca1d40,0x0000000717d00000)
 Metaspace       used 49715K, committed 51072K, reserved 1114112K
  class space    used 5392K, committed 5952K, reserved 1048576K
}
Event: 36.103 GC heap after
{Heap after GC invocations=447 (full 3):
 PSYoungGen      total 3072K, used 993K [0x00000007aab00000, 0x00000007ab200000, 0x0000000800000000)
  eden space 2048K, 0% used [0x00000007aab00000,0x00000007aab00000,0x00000007aad00000)
  from space 1024K, 96% used [0x00000007aaf00000,0x00000007aaff8400,0x00000007ab000000)
  to   space 2048K, 0% used [0x00000007aad00000,0x00000007aad00000,0x00000007aaf00000)
 ParOldGen       total 390656K, used 390351K [0x0000000700000000, 0x0000000717d80000, 0x00000007aab00000)
  object space 390656K, 99% used [0x0000000700000000,0x0000000717d33d40,0x0000000717d80000)
 Metaspace       used 49715K, committed 51072K, reserved 1114112K
  class space    used 5392K, committed 5952K, reserved 1048576K
}
Event: 36.342 GC heap before
{Heap before GC invocations=448 (full 3):
 PSYoungGen      total 3072K, used 3041K [0x00000007aab00000, 0x00000007ab200000, 0x0000000800000000)
  eden space 2048K, 100% used [0x00000007aab00000,0x00000007aad00000,0x00000007aad00000)
  from space 1024K, 96% used [0x00000007aaf00000,0x00000007aaff8400,0x00000007ab000000)
  to   space 2048K, 0% used [0x00000007aad00000,0x00000007aad00000,0x00000007aaf00000)
 ParOldGen       total 390656K, used 390351K [0x0000000700000000, 0x0000000717d80000, 0x00000007aab00000)
  object space 390656K, 99% used [0x0000000700000000,0x0000000717d33d40,0x0000000717d80000)
 Metaspace       used 49717K, committed 51072K, reserved 1114112K
  class space    used 5392K, committed 5952K, reserved 1048576K
}
Event: 36.345 GC heap after
{Heap after GC invocations=448 (full 3):
 PSYoungGen      total 3072K, used 584K [0x00000007aab00000, 0x00000007aaf80000, 0x0000000800000000)
  eden space 2048K, 0% used [0x00000007aab00000,0x00000007aab00000,0x00000007aad00000)
  from space 1024K, 57% used [0x00000007aad00000,0x00000007aad921c8,0x00000007aae00000)
  to   space 1024K, 0% used [0x00000007aae80000,0x00000007aae80000,0x00000007aaf80000)
 ParOldGen       total 390656K, used 390591K [0x0000000700000000, 0x0000000717d80000, 0x00000007aab00000)
  object space 390656K, 99% used [0x0000000700000000,0x0000000717d6fd40,0x0000000717d80000)
 Metaspace       used 49717K, committed 51072K, reserved 1114112K
  class space    used 5392K, committed 5952K, reserved 1048576K
}
Event: 36.361 GC heap before
{Heap before GC invocations=449 (full 3):
 PSYoungGen      total 3072K, used 2632K [0x00000007aab00000, 0x00000007aaf80000, 0x0000000800000000)
  eden space 2048K, 100% used [0x00000007aab00000,0x00000007aad00000,0x00000007aad00000)
  from space 1024K, 57% used [0x00000007aad00000,0x00000007aad921c8,0x00000007aae00000)
  to   space 1024K, 0% used [0x00000007aae80000,0x00000007aae80000,0x00000007aaf80000)
 ParOldGen       total 390656K, used 390591K [0x0000000700000000, 0x0000000717d80000, 0x00000007aab00000)
  object space 390656K, 99% used [0x0000000700000000,0x0000000717d6fd40,0x0000000717d80000)
 Metaspace       used 49717K, committed 51072K, reserved 1114112K
  class space    used 5392K, committed 5952K, reserved 1048576K
}
Event: 36.364 GC heap after
{Heap after GC invocations=449 (full 3):
 PSYoungGen      total 3072K, used 829K [0x00000007aab00000, 0x00000007aaf80000, 0x0000000800000000)
  eden space 2048K, 0% used [0x00000007aab00000,0x00000007aab00000,0x00000007aad00000)
  from space 1024K, 81% used [0x00000007aae80000,0x00000007aaf4f7c0,0x00000007aaf80000)
  to   space 1024K, 0% used [0x00000007aad00000,0x00000007aad00000,0x00000007aae00000)
 ParOldGen       total 390656K, used 390591K [0x0000000700000000, 0x0000000717d80000, 0x00000007aab00000)
  object space 390656K, 99% used [0x0000000700000000,0x0000000717d6fd40,0x0000000717d80000)
 Metaspace       used 49717K, committed 51072K, reserved 1114112K
  class space    used 5392K, committed 5952K, reserved 1048576K
}
Event: 36.387 GC heap before
{Heap before GC invocations=450 (full 3):
 PSYoungGen      total 3072K, used 2877K [0x00000007aab00000, 0x00000007aaf80000, 0x0000000800000000)
  eden space 2048K, 100% used [0x00000007aab00000,0x00000007aad00000,0x00000007aad00000)
  from space 1024K, 81% used [0x00000007aae80000,0x00000007aaf4f7c0,0x00000007aaf80000)
  to   space 1024K, 0% used [0x00000007aad00000,0x00000007aad00000,0x00000007aae00000)
 ParOldGen       total 390656K, used 390591K [0x0000000700000000, 0x0000000717d80000, 0x00000007aab00000)
  object space 390656K, 99% used [0x0000000700000000,0x0000000717d6fd40,0x0000000717d80000)
 Metaspace       used 49717K, committed 51072K, reserved 1114112K
  class space    used 5392K, committed 5952K, reserved 1048576K
}
Event: 36.390 GC heap after
{Heap after GC invocations=450 (full 3):
 PSYoungGen      total 3072K, used 699K [0x00000007aab00000, 0x00000007aaf00000, 0x0000000800000000)
  eden space 2048K, 0% used [0x00000007aab00000,0x00000007aab00000,0x00000007aad00000)
  from space 1024K, 68% used [0x00000007aad00000,0x00000007aadaec08,0x00000007aae00000)
  to   space 1024K, 0% used [0x00000007aae00000,0x00000007aae00000,0x00000007aaf00000)
 ParOldGen       total 391168K, used 390977K [0x0000000700000000, 0x0000000717e00000, 0x00000007aab00000)
  object space 391168K, 99% used [0x0000000700000000,0x0000000717dd06d8,0x0000000717e00000)
 Metaspace       used 49717K, committed 51072K, reserved 1114112K
  class space    used 5392K, committed 5952K, reserved 1048576K
}
Event: 36.414 GC heap before
{Heap before GC invocations=451 (full 3):
 PSYoungGen      total 3072K, used 2747K [0x00000007aab00000, 0x00000007aaf00000, 0x0000000800000000)
  eden space 2048K, 100% used [0x00000007aab00000,0x00000007aad00000,0x00000007aad00000)
  from space 1024K, 68% used [0x00000007aad00000,0x00000007aadaec08,0x00000007aae00000)
  to   space 1024K, 0% used [0x00000007aae00000,0x00000007aae00000,0x00000007aaf00000)
 ParOldGen       total 391168K, used 390977K [0x0000000700000000, 0x0000000717e00000, 0x00000007aab00000)
  object space 391168K, 99% used [0x0000000700000000,0x0000000717dd06d8,0x0000000717e00000)
 Metaspace       used 49717K, committed 51072K, reserved 1114112K
  class space    used 5392K, committed 5952K, reserved 1048576K
}
Event: 36.417 GC heap after
{Heap after GC invocations=451 (full 3):
 PSYoungGen      total 2560K, used 384K [0x00000007aab00000, 0x00000007aae80000, 0x0000000800000000)
  eden space 2048K, 0% used [0x00000007aab00000,0x00000007aab00000,0x00000007aad00000)
  from space 512K, 75% used [0x00000007aae00000,0x00000007aae60000,0x00000007aae80000)
  to   space 512K, 0% used [0x00000007aad80000,0x00000007aad80000,0x00000007aae00000)
 ParOldGen       total 391680K, used 391556K [0x0000000700000000, 0x0000000717e80000, 0x00000007aab00000)
  object space 391680K, 99% used [0x0000000700000000,0x0000000717e612e0,0x0000000717e80000)
 Metaspace       used 49717K, committed 51072K, reserved 1114112K
  class space    used 5392K, committed 5952K, reserved 1048576K
}
Event: 36.437 GC heap before
{Heap before GC invocations=452 (full 3):
 PSYoungGen      total 2560K, used 2432K [0x00000007aab00000, 0x00000007aae80000, 0x0000000800000000)
  eden space 2048K, 100% used [0x00000007aab00000,0x00000007aad00000,0x00000007aad00000)
  from space 512K, 75% used [0x00000007aae00000,0x00000007aae60000,0x00000007aae80000)
  to   space 512K, 0% used [0x00000007aad80000,0x00000007aad80000,0x00000007aae00000)
 ParOldGen       total 391680K, used 391556K [0x0000000700000000, 0x0000000717e80000, 0x00000007aab00000)
  object space 391680K, 99% used [0x0000000700000000,0x0000000717e612e0,0x0000000717e80000)
 Metaspace       used 49717K, committed 51072K, reserved 1114112K
  class space    used 5392K, committed 5952K, reserved 1048576K
}
Event: 36.440 GC heap after
{Heap after GC invocations=452 (full 3):
 PSYoungGen      total 2560K, used 480K [0x00000007aab00000, 0x00000007aae80000, 0x0000000800000000)
  eden space 2048K, 0% used [0x00000007aab00000,0x00000007aab00000,0x00000007aad00000)
  from space 512K, 93% used [0x00000007aad80000,0x00000007aadf8000,0x00000007aae00000)
  to   space 512K, 0% used [0x00000007aae00000,0x00000007aae00000,0x00000007aae80000)
 ParOldGen       total 392192K, used 391820K [0x0000000700000000, 0x0000000717f00000, 0x00000007aab00000)
  object space 392192K, 99% used [0x0000000700000000,0x0000000717ea32e0,0x0000000717f00000)
 Metaspace       used 49717K, committed 51072K, reserved 1114112K
  class space    used 5392K, committed 5952K, reserved 1048576K
}

